2026-06-25 15:57:56,047 [INFO] yahoo_service: Downloading historical data from Yahoo Finance for: AAPL
2026-06-25 15:57:57,283 [INFO] yahoo_service: Successfully downloaded 501 price history rows for AAPL in 1.24s
2026-06-25 16:09:59,519 [INFO] db_service: Database tables initialized successfully.
2026-06-25 16:09:59,520 [INFO] db_service: DatabaseService initialized and database-logging handler registered.
2026-06-25 16:09:59,578 [INFO] app: Initializing default watched stocks...
2026-06-25 16:09:59,629 [INFO] db_service: Cached metadata for ticker AAPL
2026-06-25 16:09:59,683 [INFO] db_service: Saved company profile AAPL to database.
2026-06-25 16:09:59,727 [INFO] db_service: Cached metadata for ticker TSLA
2026-06-25 16:09:59,761 [INFO] db_service: Saved company profile TSLA to database.
2026-06-25 16:09:59,801 [INFO] db_service: Cached metadata for ticker NVDA
2026-06-25 16:09:59,943 [INFO] db_service: Saved company profile NVDA to database.
2026-06-25 16:10:17,654 [INFO] db_service: Database tables initialized successfully.
2026-06-25 16:10:17,676 [INFO] db_service: DatabaseService initialized and database-logging handler registered.
2026-06-25 16:10:50,488 [INFO] yahoo_service: Downloading historical data from Yahoo Finance for: AAPL
2026-06-25 16:10:54,497 [INFO] yahoo_service: Successfully downloaded 501 price history rows for AAPL in 4.01s
2026-06-25 16:10:54,581 [INFO] db_service: Saved 501 price history records for AAPL.
2026-06-25 16:10:54,600 [INFO] feature_service: Computing technical indicators for AAPL...
2026-06-25 16:10:54,709 [INFO] db_service: Saved 501 technical feature records for AAPL.
2026-06-25 16:10:54,723 [INFO] news_service: Initiating news fetching pipeline for ticker: AAPL
2026-06-25 16:10:54,735 [INFO] yahoo_service: Fetching news for AAPL from Yahoo Finance...
2026-06-25 16:10:55,276 [INFO] yahoo_service: Successfully retrieved 10 news articles for AAPL
2026-06-25 16:10:55,318 [INFO] db_service: Saved 10 news articles for AAPL.
2026-06-25 16:10:55,330 [INFO] feature_service: Consolidating feature store records for AAPL...
2026-06-25 16:10:55,451 [INFO] feature_service: Successfully compiled 501 feature store items for AAPL.
2026-06-25 16:13:56,828 [INFO] yahoo_service: Downloading historical data from Yahoo Finance for: AAPL
2026-06-25 16:13:56,828 [INFO] yahoo_service: Downloading historical data from Yahoo Finance for: AAPL
2026-06-25 16:13:57,458 [INFO] yahoo_service: Successfully downloaded 501 price history rows for AAPL in 0.63s
2026-06-25 16:13:57,458 [INFO] yahoo_service: Successfully downloaded 501 price history rows for AAPL in 0.63s
2026-06-25 16:13:57,544 [INFO] db_service: Saved 501 price history records for AAPL.
2026-06-25 16:13:57,544 [INFO] db_service: Saved 501 price history records for AAPL.
2026-06-25 16:13:57,555 [INFO] feature_service: Computing technical indicators for AAPL...
2026-06-25 16:13:57,555 [INFO] feature_service: Computing technical indicators for AAPL...
2026-06-25 16:13:57,682 [INFO] db_service: Saved 501 technical feature records for AAPL.
2026-06-25 16:13:57,682 [INFO] db_service: Saved 501 technical feature records for AAPL.
2026-06-25 16:13:57,693 [INFO] news_service: Initiating news fetching pipeline for ticker: AAPL
2026-06-25 16:13:57,693 [INFO] news_service: Initiating news fetching pipeline for ticker: AAPL
2026-06-25 16:13:57,705 [INFO] yahoo_service: Fetching news for AAPL from Yahoo Finance...
2026-06-25 16:13:57,705 [INFO] yahoo_service: Fetching news for AAPL from Yahoo Finance...
2026-06-25 16:13:58,155 [INFO] yahoo_service: Successfully retrieved 10 news articles for AAPL
2026-06-25 16:13:58,155 [INFO] yahoo_service: Successfully retrieved 10 news articles for AAPL
2026-06-25 16:13:58,189 [INFO] db_service: Saved 0 news articles for AAPL.
2026-06-25 16:13:58,189 [INFO] db_service: Saved 0 news articles for AAPL.
2026-06-25 16:13:58,200 [INFO] feature_service: Consolidating feature store records for AAPL...
2026-06-25 16:13:58,200 [INFO] feature_service: Consolidating feature store records for AAPL...
2026-06-25 16:13:58,283 [INFO] feature_service: Successfully compiled 501 feature store items for AAPL.
2026-06-25 16:13:58,283 [INFO] feature_service: Successfully compiled 501 feature store items for AAPL.
2026-06-25 16:17:34,646 [INFO] ticker_service: Initiating stock search query for: 'Ola Electric Mobility'
2026-06-25 16:17:34,646 [INFO] ticker_service: Initiating stock search query for: 'Ola Electric Mobility'
2026-06-25 16:17:35,456 [INFO] ticker_service: Search API returned 2 matches for query 'Ola Electric Mobility'
2026-06-25 16:17:35,456 [INFO] ticker_service: Search API returned 2 matches for query 'Ola Electric Mobility'
2026-06-25 16:17:35,494 [INFO] db_service: Cached metadata for ticker OLAELEC.NS
2026-06-25 16:17:35,494 [INFO] db_service: Cached metadata for ticker OLAELEC.NS
2026-06-25 16:18:31,733 [INFO] yahoo_service: Downloading historical data from Yahoo Finance for: AAPL
2026-06-25 16:18:31,733 [INFO] yahoo_service: Downloading historical data from Yahoo Finance for: AAPL
2026-06-25 16:18:32,420 [INFO] yahoo_service: Successfully downloaded 501 price history rows for AAPL in 0.69s
2026-06-25 16:18:32,420 [INFO] yahoo_service: Successfully downloaded 501 price history rows for AAPL in 0.69s
2026-06-25 16:18:32,948 [INFO] db_service: Saved 501 price history records for AAPL.
2026-06-25 16:18:32,948 [INFO] db_service: Saved 501 price history records for AAPL.
2026-06-25 16:18:33,201 [INFO] feature_service: Computing technical indicators for AAPL...
2026-06-25 16:18:33,201 [INFO] feature_service: Computing technical indicators for AAPL...
2026-06-25 16:18:34,071 [INFO] db_service: Saved 501 technical feature records for AAPL.
2026-06-25 16:18:34,071 [INFO] db_service: Saved 501 technical feature records for AAPL.
2026-06-25 16:18:34,091 [INFO] news_service: Initiating news fetching pipeline for ticker: AAPL
2026-06-25 16:18:34,091 [INFO] news_service: Initiating news fetching pipeline for ticker: AAPL
2026-06-25 16:18:34,134 [INFO] yahoo_service: Fetching news for AAPL from Yahoo Finance...
2026-06-25 16:18:34,134 [INFO] yahoo_service: Fetching news for AAPL from Yahoo Finance...
2026-06-25 16:18:35,012 [INFO] yahoo_service: Successfully retrieved 10 news articles for AAPL
2026-06-25 16:18:35,012 [INFO] yahoo_service: Successfully retrieved 10 news articles for AAPL
2026-06-25 16:18:35,271 [INFO] db_service: Saved 0 news articles for AAPL.
2026-06-25 16:18:35,271 [INFO] db_service: Saved 0 news articles for AAPL.
2026-06-25 16:18:35,306 [INFO] feature_service: Consolidating feature store records for AAPL...
2026-06-25 16:18:35,306 [INFO] feature_service: Consolidating feature store records for AAPL...
2026-06-25 16:18:35,539 [INFO] feature_service: Successfully compiled 501 feature store items for AAPL.
2026-06-25 16:18:35,539 [INFO] feature_service: Successfully compiled 501 feature store items for AAPL.
2026-06-25 16:18:37,086 [INFO] db_service: Saved company profile OLAELEC.NS to database.
2026-06-25 16:18:37,086 [INFO] db_service: Saved company profile OLAELEC.NS to database.
2026-06-25 16:18:49,186 [INFO] yahoo_service: Downloading historical data from Yahoo Finance for: AAPL
2026-06-25 16:18:49,186 [INFO] yahoo_service: Downloading historical data from Yahoo Finance for: AAPL
2026-06-25 16:18:49,742 [INFO] yahoo_service: Successfully downloaded 501 price history rows for AAPL in 0.56s
2026-06-25 16:18:49,742 [INFO] yahoo_service: Successfully downloaded 501 price history rows for AAPL in 0.56s
2026-06-25 16:18:49,904 [INFO] db_service: Saved 501 price history records for AAPL.
2026-06-25 16:18:49,904 [INFO] db_service: Saved 501 price history records for AAPL.
2026-06-25 16:18:49,921 [INFO] feature_service: Computing technical indicators for AAPL...
2026-06-25 16:18:49,921 [INFO] feature_service: Computing technical indicators for AAPL...
2026-06-25 16:18:50,300 [INFO] db_service: Saved 501 technical feature records for AAPL.
2026-06-25 16:18:50,300 [INFO] db_service: Saved 501 technical feature records for AAPL.
2026-06-25 16:18:50,320 [INFO] news_service: Initiating news fetching pipeline for ticker: AAPL
2026-06-25 16:18:50,320 [INFO] news_service: Initiating news fetching pipeline for ticker: AAPL
2026-06-25 16:18:50,368 [INFO] yahoo_service: Fetching news for AAPL from Yahoo Finance...
2026-06-25 16:18:50,368 [INFO] yahoo_service: Fetching news for AAPL from Yahoo Finance...
2026-06-25 16:18:50,966 [INFO] yahoo_service: Successfully retrieved 10 news articles for AAPL
2026-06-25 16:18:50,966 [INFO] yahoo_service: Successfully retrieved 10 news articles for AAPL
2026-06-25 16:18:51,002 [INFO] db_service: Saved 0 news articles for AAPL.
2026-06-25 16:18:51,002 [INFO] db_service: Saved 0 news articles for AAPL.
2026-06-25 16:18:51,013 [INFO] feature_service: Consolidating feature store records for AAPL...
2026-06-25 16:18:51,013 [INFO] feature_service: Consolidating feature store records for AAPL...
2026-06-25 16:18:51,266 [INFO] feature_service: Successfully compiled 501 feature store items for AAPL.
2026-06-25 16:18:51,266 [INFO] feature_service: Successfully compiled 501 feature store items for AAPL.
2026-06-25 16:18:53,270 [INFO] yahoo_service: Downloading historical data from Yahoo Finance for: OLAELEC.NS
2026-06-25 16:18:53,270 [INFO] yahoo_service: Downloading historical data from Yahoo Finance for: OLAELEC.NS
2026-06-25 16:18:54,058 [INFO] yahoo_service: Successfully downloaded 467 price history rows for OLAELEC.NS in 0.79s
2026-06-25 16:18:54,058 [INFO] yahoo_service: Successfully downloaded 467 price history rows for OLAELEC.NS in 0.79s
2026-06-25 16:18:54,248 [INFO] db_service: Saved 467 price history records for OLAELEC.NS.
2026-06-25 16:18:54,248 [INFO] db_service: Saved 467 price history records for OLAELEC.NS.
2026-06-25 16:18:54,259 [INFO] feature_service: Computing technical indicators for OLAELEC.NS...
2026-06-25 16:18:54,259 [INFO] feature_service: Computing technical indicators for OLAELEC.NS...
2026-06-25 16:18:54,535 [INFO] db_service: Saved 467 technical feature records for OLAELEC.NS.
2026-06-25 16:18:54,535 [INFO] db_service: Saved 467 technical feature records for OLAELEC.NS.
2026-06-25 16:18:54,545 [INFO] news_service: Initiating news fetching pipeline for ticker: OLAELEC.NS
2026-06-25 16:18:54,545 [INFO] news_service: Initiating news fetching pipeline for ticker: OLAELEC.NS
2026-06-25 16:18:54,555 [INFO] yahoo_service: Fetching news for OLAELEC.NS from Yahoo Finance...
2026-06-25 16:18:54,555 [INFO] yahoo_service: Fetching news for OLAELEC.NS from Yahoo Finance...
2026-06-25 16:18:54,950 [INFO] yahoo_service: Successfully retrieved 10 news articles for OLAELEC.NS
2026-06-25 16:18:54,950 [INFO] yahoo_service: Successfully retrieved 10 news articles for OLAELEC.NS
2026-06-25 16:18:54,996 [INFO] db_service: Saved 10 news articles for OLAELEC.NS.
2026-06-25 16:18:54,996 [INFO] db_service: Saved 10 news articles for OLAELEC.NS.
2026-06-25 16:18:55,003 [INFO] feature_service: Consolidating feature store records for OLAELEC.NS...
2026-06-25 16:18:55,003 [INFO] feature_service: Consolidating feature store records for OLAELEC.NS...
2026-06-25 16:18:55,287 [INFO] feature_service: Successfully compiled 467 feature store items for OLAELEC.NS.
2026-06-25 16:18:55,287 [INFO] feature_service: Successfully compiled 467 feature store items for OLAELEC.NS.
2026-06-25 16:25:27,663 [INFO] db_service: Database tables initialized successfully.
2026-06-25 16:25:27,665 [INFO] db_service: DatabaseService initialized and database-logging handler registered.
2026-06-25 16:25:38,149 [INFO] db_service: Database tables initialized successfully.
2026-06-25 16:25:38,192 [INFO] db_service: DatabaseService initialized and database-logging handler registered.
2026-06-25 16:59:16,217 [INFO] yahoo_service: Downloading historical data from Yahoo Finance for: AAPL
2026-06-25 16:59:23,537 [INFO] yahoo_service: Successfully downloaded 501 price history rows for AAPL in 7.32s
2026-06-25 16:59:23,689 [INFO] db_service: Saved 501 price history records for AAPL.
2026-06-25 16:59:23,703 [INFO] feature_service: Computing technical indicators for AAPL...
2026-06-25 16:59:23,950 [INFO] db_service: Saved 501 technical feature records for AAPL.
2026-06-25 16:59:23,965 [INFO] news_service: Initiating news fetching pipeline for ticker: AAPL
2026-06-25 16:59:23,981 [INFO] yahoo_service: Fetching news for AAPL from Yahoo Finance...
2026-06-25 16:59:24,492 [INFO] yahoo_service: Successfully retrieved 10 news articles for AAPL
2026-06-25 16:59:24,526 [INFO] db_service: Saved 0 news articles for AAPL.
2026-06-25 16:59:24,539 [INFO] feature_service: Consolidating feature store records for AAPL...
2026-06-25 16:59:24,752 [INFO] feature_service: Successfully compiled 501 feature store items for AAPL.
2026-06-25 17:08:03,976 [INFO] db_service: Database tables initialized successfully.
2026-06-25 17:08:03,987 [INFO] db_service: DatabaseService initialized and database-logging handler registered.
2026-06-25 17:18:12,182 [INFO] db_service: Database tables initialized successfully.
2026-06-25 17:18:12,183 [INFO] db_service: DatabaseService initialized and database-logging handler registered.
2026-06-25 17:18:15,991 [INFO] db_service: Database tables initialized successfully.
2026-06-25 17:18:16,006 [INFO] db_service: DatabaseService initialized and database-logging handler registered.
2026-06-25 17:18:57,628 [INFO] ticker_service: Initiating stock search query for: 'RELIANCE.NS'
2026-06-25 17:18:58,390 [INFO] ticker_service: Search API returned 1 matches for query 'RELIANCE.NS'
2026-06-25 17:18:58,444 [INFO] db_service: Cached metadata for ticker RELIANCE.NS
2026-06-25 17:19:13,656 [INFO] db_service: Saved company profile RELIANCE.NS to database.
2026-06-25 17:19:23,687 [INFO] db_service: Saved company profile RELIANCE.NS to database.
2026-06-25 17:20:50,973 [INFO] db_service: Saved company profile RELIANCE.NS to database.
2026-06-25 17:22:04,243 [INFO] db_service: Database tables initialized successfully.
2026-06-25 17:22:04,262 [INFO] db_service: DatabaseService initialized and database-logging handler registered.
2026-06-25 17:23:21,515 [INFO] ticker_service: Cache hit for ticker: RELIANCE.NS
2026-06-25 17:23:49,948 [INFO] db_service: Database tables initialized successfully.
2026-06-25 17:23:49,981 [INFO] db_service: DatabaseService initialized and database-logging handler registered.
2026-06-25 17:25:24,149 [INFO] ticker_service: Cache hit for ticker: RELIANCE.NS
2026-06-25 17:26:57,184 [INFO] yahoo_service: Downloading historical data from Yahoo Finance for: AAPL
2026-06-25 17:26:58,813 [INFO] yahoo_service: Successfully downloaded 501 price history rows for AAPL in 1.63s
2026-06-25 17:26:59,070 [INFO] db_service: Saved 501 price history records for AAPL.
2026-06-25 17:26:59,089 [INFO] feature_service: Computing technical indicators for AAPL...
2026-06-25 17:26:59,520 [INFO] db_service: Saved 501 technical feature records for AAPL.
2026-06-25 17:26:59,546 [INFO] news_service: Initiating news fetching pipeline for ticker: AAPL
2026-06-25 17:26:59,573 [INFO] yahoo_service: Fetching news for AAPL from Yahoo Finance...
2026-06-25 17:27:00,048 [INFO] yahoo_service: Successfully retrieved 10 news articles for AAPL
2026-06-25 17:27:00,122 [INFO] db_service: Saved 0 news articles for AAPL.
2026-06-25 17:27:00,140 [INFO] feature_service: Consolidating feature store records for AAPL...
2026-06-25 17:27:00,491 [INFO] feature_service: Successfully compiled 501 feature store items for AAPL.
2026-06-25 17:27:31,245 [INFO] yahoo_service: Downloading historical data from Yahoo Finance for: RELIANCE.NS
2026-06-25 17:27:31,968 [INFO] yahoo_service: Successfully downloaded 499 price history rows for RELIANCE.NS in 0.72s
2026-06-25 17:27:32,229 [INFO] db_service: Saved 499 price history records for RELIANCE.NS.
2026-06-25 17:27:32,254 [INFO] feature_service: Computing technical indicators for RELIANCE.NS...
2026-06-25 17:27:32,634 [INFO] db_service: Saved 499 technical feature records for RELIANCE.NS.
2026-06-25 17:27:32,652 [INFO] news_service: Initiating news fetching pipeline for ticker: RELIANCE.NS
2026-06-25 17:27:32,668 [INFO] yahoo_service: Fetching news for RELIANCE.NS from Yahoo Finance...
2026-06-25 17:27:33,264 [INFO] yahoo_service: Successfully retrieved 10 news articles for RELIANCE.NS
2026-06-25 17:27:33,335 [INFO] db_service: Saved 10 news articles for RELIANCE.NS.
2026-06-25 17:27:33,358 [INFO] feature_service: Consolidating feature store records for RELIANCE.NS...
2026-06-25 17:27:33,686 [INFO] feature_service: Successfully compiled 499 feature store items for RELIANCE.NS.
2026-06-25 17:28:50,463 [INFO] ticker_service: Initiating stock search query for: 'INFY.NS'
2026-06-25 17:28:50,931 [INFO] ticker_service: Search API returned 1 matches for query 'INFY.NS'
2026-06-25 17:28:50,989 [INFO] db_service: Cached metadata for ticker INFY.NS
2026-06-25 17:29:56,648 [INFO] ticker_service: Initiating stock search query for: 'SAP.DE'
2026-06-25 17:29:57,113 [INFO] ticker_service: Search API returned 1 matches for query 'SAP.DE'
2026-06-25 17:29:57,154 [INFO] db_service: Cached metadata for ticker SAP.DE
2026-06-25 17:30:28,367 [INFO] ticker_service: Cache hit for ticker: RELIANCE.NS
2026-06-25 17:31:06,497 [INFO] yahoo_service: Downloading historical data from Yahoo Finance for: AAPL
2026-06-25 17:31:07,086 [INFO] yahoo_service: Successfully downloaded 501 price history rows for AAPL in 0.59s
2026-06-25 17:31:07,355 [INFO] db_service: Saved 501 price history records for AAPL.
2026-06-25 17:31:07,375 [INFO] feature_service: Computing technical indicators for AAPL...
2026-06-25 17:31:07,913 [INFO] db_service: Saved 501 technical feature records for AAPL.
2026-06-25 17:31:07,936 [INFO] news_service: Initiating news fetching pipeline for ticker: AAPL
2026-06-25 17:31:07,960 [INFO] yahoo_service: Fetching news for AAPL from Yahoo Finance...
2026-06-25 17:31:08,445 [INFO] yahoo_service: Successfully retrieved 10 news articles for AAPL
2026-06-25 17:31:08,486 [INFO] db_service: Saved 0 news articles for AAPL.
2026-06-25 17:31:08,508 [INFO] feature_service: Consolidating feature store records for AAPL...
2026-06-25 17:31:08,887 [INFO] feature_service: Successfully compiled 501 feature store items for AAPL.
2026-06-25 17:31:25,142 [INFO] yahoo_service: Downloading historical data from Yahoo Finance for: RELIANCE.NS
2026-06-25 17:31:25,776 [INFO] yahoo_service: Successfully downloaded 499 price history rows for RELIANCE.NS in 0.63s
2026-06-25 17:31:26,062 [INFO] db_service: Saved 499 price history records for RELIANCE.NS.
2026-06-25 17:31:26,093 [INFO] feature_service: Computing technical indicators for RELIANCE.NS...
2026-06-25 17:31:26,602 [INFO] db_service: Saved 499 technical feature records for RELIANCE.NS.
2026-06-25 17:31:26,623 [INFO] news_service: Initiating news fetching pipeline for ticker: RELIANCE.NS
2026-06-25 17:31:26,655 [INFO] yahoo_service: Fetching news for RELIANCE.NS from Yahoo Finance...
2026-06-25 17:31:27,191 [INFO] yahoo_service: Successfully retrieved 10 news articles for RELIANCE.NS
2026-06-25 17:31:27,235 [INFO] db_service: Saved 0 news articles for RELIANCE.NS.
2026-06-25 17:31:27,257 [INFO] feature_service: Consolidating feature store records for RELIANCE.NS...
2026-06-25 17:31:27,665 [INFO] feature_service: Successfully compiled 499 feature store items for RELIANCE.NS.
2026-06-25 17:33:09,774 [INFO] yahoo_service: Downloading historical data from Yahoo Finance for: RELIANCE.NS
2026-06-25 17:33:09,774 [INFO] yahoo_service: Downloading historical data from Yahoo Finance for: RELIANCE.NS
2026-06-25 17:33:10,255 [INFO] yahoo_service: Successfully downloaded 499 price history rows for RELIANCE.NS in 0.48s
2026-06-25 17:33:10,255 [INFO] yahoo_service: Successfully downloaded 499 price history rows for RELIANCE.NS in 0.48s
2026-06-25 17:33:10,422 [INFO] db_service: Saved 499 price history records for RELIANCE.NS.
2026-06-25 17:33:10,422 [INFO] db_service: Saved 499 price history records for RELIANCE.NS.
2026-06-25 17:33:10,438 [INFO] feature_service: Computing technical indicators for RELIANCE.NS...
2026-06-25 17:33:10,438 [INFO] feature_service: Computing technical indicators for RELIANCE.NS...
2026-06-25 17:33:10,674 [INFO] db_service: Saved 499 technical feature records for RELIANCE.NS.
2026-06-25 17:33:10,674 [INFO] db_service: Saved 499 technical feature records for RELIANCE.NS.
2026-06-25 17:33:10,689 [INFO] news_service: Initiating news fetching pipeline for ticker: RELIANCE.NS
2026-06-25 17:33:10,689 [INFO] news_service: Initiating news fetching pipeline for ticker: RELIANCE.NS
2026-06-25 17:33:10,705 [INFO] yahoo_service: Fetching news for RELIANCE.NS from Yahoo Finance...
2026-06-25 17:33:10,705 [INFO] yahoo_service: Fetching news for RELIANCE.NS from Yahoo Finance...
2026-06-25 17:33:11,151 [INFO] yahoo_service: Successfully retrieved 10 news articles for RELIANCE.NS
2026-06-25 17:33:11,151 [INFO] yahoo_service: Successfully retrieved 10 news articles for RELIANCE.NS
2026-06-25 17:33:11,181 [INFO] db_service: Saved 0 news articles for RELIANCE.NS.
2026-06-25 17:33:11,181 [INFO] db_service: Saved 0 news articles for RELIANCE.NS.
2026-06-25 17:33:11,194 [INFO] feature_service: Consolidating feature store records for RELIANCE.NS...
2026-06-25 17:33:11,194 [INFO] feature_service: Consolidating feature store records for RELIANCE.NS...
2026-06-25 17:33:11,350 [INFO] feature_service: Successfully compiled 499 feature store items for RELIANCE.NS.
2026-06-25 17:33:11,350 [INFO] feature_service: Successfully compiled 499 feature store items for RELIANCE.NS.
